Terminals which are not used

   TOKEN_ERROR


State 51 conflicts: 1 reduce/reduce
State 115 conflicts: 1 shift/reduce


Grammar

    0 $accept: programa $end

    1 programa: declaracoes_globais

    2 declaracoes_globais: lista_decl lista_codigo

    3 lista_decl: decl_var lista_decl
    4           | decl_vetor lista_decl
    5           | decl_proto lista_decl
    6           | /* empty */

    7 decl_var: tipo TK_IDENTIFIER '=' literal ';'

    8 decl_vetor: tipo TK_IDENTIFIER '[' LIT_INT ']' opcional ';'

    9 decl_proto: tipo TK_IDENTIFIER '(' parametros_formais ')' ';'

   10 opcional: literal opcional
   11         | /* empty */

   12 parametros_formais: parametro_formal parametros_formais_fim
   13                   | /* empty */

   14 parametros_formais_fim: ',' parametro_formal parametros_formais_fim
   15                       | /* empty */

   16 parametro_formal: tipo TK_IDENTIFIER

   17 lista_codigo: decl_func lista_codigo
   18             | /* empty */

   19 decl_func: KW_CODE TK_IDENTIFIER comando

   20 bloco: '{' lista_comandos '}'

   21 lista_comandos: comando lista_comandos
   22               | /* empty */

   23 comando: bloco
   24        | comando_atribuicao
   25        | comando_print
   26        | KW_IF '(' expressao ')' comando
   27        | KW_IF '(' expressao ')' comando KW_ELSE comando
   28        | KW_WHILE '(' expressao ')' comando
   29        | KW_RETURN expressao ';'
   30        | ';'

   31 comando_atribuicao: TK_IDENTIFIER '=' expressao ';'
   32                   | TK_IDENTIFIER '[' expressao ']' '=' expressao ';'

   33 comando_print: KW_PRINT comando_printResto ';'

   34 comando_printResto: LIT_STRING
   35                   | expressao

   36 expressao: TK_IDENTIFIER
   37          | TK_IDENTIFIER '[' expressao ']'
   38          | TK_IDENTIFIER '(' lista_argumentos ')'
   39          | LIT_INT
   40          | LIT_REAL
   41          | LIT_CHAR
   42          | LIT_STRING
   43          | KW_INPUT '(' tipo ')'
   44          | expressao '+' expressao
   45          | expressao '-' expressao
   46          | expressao '*' expressao
   47          | expressao '/' expressao
   48          | expressao '<' expressao
   49          | expressao '>' expressao
   50          | expressao OPERATOR_LE expressao
   51          | expressao OPERATOR_GE expressao
   52          | expressao OPERATOR_EQ expressao
   53          | expressao OPERATOR_DIF expressao
   54          | '(' expressao ')'

   55 lista_argumentos: /* empty */
   56                 | expressao lista_argumentos_fim

   57 lista_argumentos_fim: /* empty */
   58                     | ',' expressao lista_argumentos_fim

   59 literal: LIT_INT
   60        | LIT_REAL
   61        | LIT_CHAR
   62        | LIT_STRING

   63 tipo: KW_INT
   64     | KW_FLOAT
   65     | KW_CHAR


Terminals, with rules where they appear

$end (0) 0
'(' (40) 9 26 27 28 38 43 54
')' (41) 9 26 27 28 38 43 54
'*' (42) 46
'+' (43) 44
',' (44) 14 58
'-' (45) 45
'/' (47) 47
';' (59) 7 8 9 29 30 31 32 33
'<' (60) 48
'=' (61) 7 31 32
'>' (62) 49
'[' (91) 8 32 37
']' (93) 8 32 37
'{' (123) 20
'}' (125) 20
error (256)
KW_INT (258) 63
KW_FLOAT (259) 64
KW_CHAR (260) 65
KW_CODE (261) 19
KW_IF (262) 26 27
KW_ELSE (263) 27
KW_WHILE (264) 28
KW_PRINT (265) 33
KW_RETURN (266) 29
KW_INPUT (267) 43
OPERATOR_LE (268) 50
OPERATOR_GE (269) 51
OPERATOR_EQ (270) 52
OPERATOR_DIF (271) 53
TK_IDENTIFIER (272) 7 8 9 16 19 31 32 36 37 38
LIT_INT (273) 8 39 59
LIT_REAL (274) 40 60
LIT_CHAR (275) 41 61
LIT_STRING (276) 34 42 62
TOKEN_ERROR (277)


Nonterminals, with rules where they appear

$accept (38)
    on left: 0
programa (39)
    on left: 1, on right: 0
declaracoes_globais (40)
    on left: 2, on right: 1
lista_decl (41)
    on left: 3 4 5 6, on right: 2 3 4 5
decl_var (42)
    on left: 7, on right: 3
decl_vetor (43)
    on left: 8, on right: 4
decl_proto (44)
    on left: 9, on right: 5
opcional (45)
    on left: 10 11, on right: 8 10
parametros_formais (46)
    on left: 12 13, on right: 9
parametros_formais_fim (47)
    on left: 14 15, on right: 12 14
parametro_formal (48)
    on left: 16, on right: 12 14
lista_codigo (49)
    on left: 17 18, on right: 2 17
decl_func (50)
    on left: 19, on right: 17
bloco (51)
    on left: 20, on right: 23
lista_comandos (52)
    on left: 21 22, on right: 20 21
comando (53)
    on left: 23 24 25 26 27 28 29 30, on right: 19 21 26 27 28
comando_atribuicao (54)
    on left: 31 32, on right: 24
comando_print (55)
    on left: 33, on right: 25
comando_printResto (56)
    on left: 34 35, on right: 33
expressao (57)
    on left: 36 37 38 39 40 41 42 43 44 45 46 47 48 49 50 51 52 53
    54, on right: 26 27 28 29 31 32 35 37 44 45 46 47 48 49 50 51 52
    53 54 56 58
lista_argumentos (58)
    on left: 55 56, on right: 38
lista_argumentos_fim (59)
    on left: 57 58, on right: 56 58
literal (60)
    on left: 59 60 61 62, on right: 7 10
tipo (61)
    on left: 63 64 65, on right: 7 8 9 16 43


state 0

    0 $accept: . programa $end

    KW_INT    shift, and go to state 1
    KW_FLOAT  shift, and go to state 2
    KW_CHAR   shift, and go to state 3

    $default  reduce using rule 6 (lista_decl)

    programa             go to state 4
    declaracoes_globais  go to state 5
    lista_decl           go to state 6
    decl_var             go to state 7
    decl_vetor           go to state 8
    decl_proto           go to state 9
    tipo                 go to state 10


state 1

   63 tipo: KW_INT .

    $default  reduce using rule 63 (tipo)


state 2

   64 tipo: KW_FLOAT .

    $default  reduce using rule 64 (tipo)


state 3

   65 tipo: KW_CHAR .

    $default  reduce using rule 65 (tipo)


state 4

    0 $accept: programa . $end

    $end  shift, and go to state 11


state 5

    1 programa: declaracoes_globais .

    $default  reduce using rule 1 (programa)


state 6

    2 declaracoes_globais: lista_decl . lista_codigo

    KW_CODE  shift, and go to state 12

    $default  reduce using rule 18 (lista_codigo)

    lista_codigo  go to state 13
    decl_func     go to state 14


state 7

    3 lista_decl: decl_var . lista_decl

    KW_INT    shift, and go to state 1
    KW_FLOAT  shift, and go to state 2
    KW_CHAR   shift, and go to state 3

    $default  reduce using rule 6 (lista_decl)

    lista_decl  go to state 15
    decl_var    go to state 7
    decl_vetor  go to state 8
    decl_proto  go to state 9
    tipo        go to state 10


state 8

    4 lista_decl: decl_vetor . lista_decl

    KW_INT    shift, and go to state 1
    KW_FLOAT  shift, and go to state 2
    KW_CHAR   shift, and go to state 3

    $default  reduce using rule 6 (lista_decl)

    lista_decl  go to state 16
    decl_var    go to state 7
    decl_vetor  go to state 8
    decl_proto  go to state 9
    tipo        go to state 10


state 9

    5 lista_decl: decl_proto . lista_decl

    KW_INT    shift, and go to state 1
    KW_FLOAT  shift, and go to state 2
    KW_CHAR   shift, and go to state 3

    $default  reduce using rule 6 (lista_decl)

    lista_decl  go to state 17
    decl_var    go to state 7
    decl_vetor  go to state 8
    decl_proto  go to state 9
    tipo        go to state 10


state 10

    7 decl_var: tipo . TK_IDENTIFIER '=' literal ';'
    8 decl_vetor: tipo . TK_IDENTIFIER '[' LIT_INT ']' opcional ';'
    9 decl_proto: tipo . TK_IDENTIFIER '(' parametros_formais ')' ';'

    TK_IDENTIFIER  shift, and go to state 18


state 11

    0 $accept: programa $end .

    $default  accept


state 12

   19 decl_func: KW_CODE . TK_IDENTIFIER comando

    TK_IDENTIFIER  shift, and go to state 19


state 13

    2 declaracoes_globais: lista_decl lista_codigo .

    $default  reduce using rule 2 (declaracoes_globais)


state 14

   17 lista_codigo: decl_func . lista_codigo

    KW_CODE  shift, and go to state 12

    $default  reduce using rule 18 (lista_codigo)

    lista_codigo  go to state 20
    decl_func     go to state 14


state 15

    3 lista_decl: decl_var lista_decl .

    $default  reduce using rule 3 (lista_decl)


state 16

    4 lista_decl: decl_vetor lista_decl .

    $default  reduce using rule 4 (lista_decl)


state 17

    5 lista_decl: decl_proto lista_decl .

    $default  reduce using rule 5 (lista_decl)


state 18

    7 decl_var: tipo TK_IDENTIFIER . '=' literal ';'
    8 decl_vetor: tipo TK_IDENTIFIER . '[' LIT_INT ']' opcional ';'
    9 decl_proto: tipo TK_IDENTIFIER . '(' parametros_formais ')' ';'

    '='  shift, and go to state 21
    '['  shift, and go to state 22
    '('  shift, and go to state 23


state 19

   19 decl_func: KW_CODE TK_IDENTIFIER . comando

    KW_IF          shift, and go to state 24
    KW_WHILE       shift, and go to state 25
    KW_PRINT       shift, and go to state 26
    KW_RETURN      shift, and go to state 27
    TK_IDENTIFIER  shift, and go to state 28
    ';'            shift, and go to state 29
    '{'            shift, and go to state 30

    bloco               go to state 31
    comando             go to state 32
    comando_atribuicao  go to state 33
    comando_print       go to state 34


state 20

   17 lista_codigo: decl_func lista_codigo .

    $default  reduce using rule 17 (lista_codigo)


state 21

    7 decl_var: tipo TK_IDENTIFIER '=' . literal ';'

    LIT_INT     shift, and go to state 35
    LIT_REAL    shift, and go to state 36
    LIT_CHAR    shift, and go to state 37
    LIT_STRING  shift, and go to state 38

    literal  go to state 39


state 22

    8 decl_vetor: tipo TK_IDENTIFIER '[' . LIT_INT ']' opcional ';'

    LIT_INT  shift, and go to state 40


state 23

    9 decl_proto: tipo TK_IDENTIFIER '(' . parametros_formais ')' ';'

    KW_INT    shift, and go to state 1
    KW_FLOAT  shift, and go to state 2
    KW_CHAR   shift, and go to state 3

    $default  reduce using rule 13 (parametros_formais)

    parametros_formais  go to state 41
    parametro_formal    go to state 42
    tipo                go to state 43


state 24

   26 comando: KW_IF . '(' expressao ')' comando
   27        | KW_IF . '(' expressao ')' comando KW_ELSE comando

    '('  shift, and go to state 44


state 25

   28 comando: KW_WHILE . '(' expressao ')' comando

    '('  shift, and go to state 45


state 26

   33 comando_print: KW_PRINT . comando_printResto ';'

    KW_INPUT       shift, and go to state 46
    TK_IDENTIFIER  shift, and go to state 47
    LIT_INT        shift, and go to state 48
    LIT_REAL       shift, and go to state 49
    LIT_CHAR       shift, and go to state 50
    LIT_STRING     shift, and go to state 51
    '('            shift, and go to state 52

    comando_printResto  go to state 53
    expressao           go to state 54


state 27

   29 comando: KW_RETURN . expressao ';'

    KW_INPUT       shift, and go to state 46
    TK_IDENTIFIER  shift, and go to state 47
    LIT_INT        shift, and go to state 48
    LIT_REAL       shift, and go to state 49
    LIT_CHAR       shift, and go to state 50
    LIT_STRING     shift, and go to state 55
    '('            shift, and go to state 52

    expressao  go to state 56


state 28

   31 comando_atribuicao: TK_IDENTIFIER . '=' expressao ';'
   32                   | TK_IDENTIFIER . '[' expressao ']' '=' expressao ';'

    '='  shift, and go to state 57
    '['  shift, and go to state 58


state 29

   30 comando: ';' .

    $default  reduce using rule 30 (comando)


state 30

   20 bloco: '{' . lista_comandos '}'

    KW_IF          shift, and go to state 24
    KW_WHILE       shift, and go to state 25
    KW_PRINT       shift, and go to state 26
    KW_RETURN      shift, and go to state 27
    TK_IDENTIFIER  shift, and go to state 28
    ';'            shift, and go to state 29
    '{'            shift, and go to state 30

    $default  reduce using rule 22 (lista_comandos)

    bloco               go to state 31
    lista_comandos      go to state 59
    comando             go to state 60
    comando_atribuicao  go to state 33
    comando_print       go to state 34


state 31

   23 comando: bloco .

    $default  reduce using rule 23 (comando)


state 32

   19 decl_func: KW_CODE TK_IDENTIFIER comando .

    $default  reduce using rule 19 (decl_func)


state 33

   24 comando: comando_atribuicao .

    $default  reduce using rule 24 (comando)


state 34

   25 comando: comando_print .

    $default  reduce using rule 25 (comando)


state 35

   59 literal: LIT_INT .

    $default  reduce using rule 59 (literal)


state 36

   60 literal: LIT_REAL .

    $default  reduce using rule 60 (literal)


state 37

   61 literal: LIT_CHAR .

    $default  reduce using rule 61 (literal)


state 38

   62 literal: LIT_STRING .

    $default  reduce using rule 62 (literal)


state 39

    7 decl_var: tipo TK_IDENTIFIER '=' literal . ';'

    ';'  shift, and go to state 61


state 40

    8 decl_vetor: tipo TK_IDENTIFIER '[' LIT_INT . ']' opcional ';'

    ']'  shift, and go to state 62


state 41

    9 decl_proto: tipo TK_IDENTIFIER '(' parametros_formais . ')' ';'

    ')'  shift, and go to state 63


state 42

   12 parametros_formais: parametro_formal . parametros_formais_fim

    ','  shift, and go to state 64

    $default  reduce using rule 15 (parametros_formais_fim)

    parametros_formais_fim  go to state 65


state 43

   16 parametro_formal: tipo . TK_IDENTIFIER

    TK_IDENTIFIER  shift, and go to state 66


state 44

   26 comando: KW_IF '(' . expressao ')' comando
   27        | KW_IF '(' . expressao ')' comando KW_ELSE comando

    KW_INPUT       shift, and go to state 46
    TK_IDENTIFIER  shift, and go to state 47
    LIT_INT        shift, and go to state 48
    LIT_REAL       shift, and go to state 49
    LIT_CHAR       shift, and go to state 50
    LIT_STRING     shift, and go to state 55
    '('            shift, and go to state 52

    expressao  go to state 67


state 45

   28 comando: KW_WHILE '(' . expressao ')' comando

    KW_INPUT       shift, and go to state 46
    TK_IDENTIFIER  shift, and go to state 47
    LIT_INT        shift, and go to state 48
    LIT_REAL       shift, and go to state 49
    LIT_CHAR       shift, and go to state 50
    LIT_STRING     shift, and go to state 55
    '('            shift, and go to state 52

    expressao  go to state 68


state 46

   43 expressao: KW_INPUT . '(' tipo ')'

    '('  shift, and go to state 69


state 47

   36 expressao: TK_IDENTIFIER .
   37          | TK_IDENTIFIER . '[' expressao ']'
   38          | TK_IDENTIFIER . '(' lista_argumentos ')'

    '['  shift, and go to state 70
    '('  shift, and go to state 71

    $default  reduce using rule 36 (expressao)


state 48

   39 expressao: LIT_INT .

    $default  reduce using rule 39 (expressao)


state 49

   40 expressao: LIT_REAL .

    $default  reduce using rule 40 (expressao)


state 50

   41 expressao: LIT_CHAR .

    $default  reduce using rule 41 (expressao)


state 51

   34 comando_printResto: LIT_STRING .
   42 expressao: LIT_STRING .

    ';'       reduce using rule 34 (comando_printResto)
    ';'       [reduce using rule 42 (expressao)]
    $default  reduce using rule 42 (expressao)


state 52

   54 expressao: '(' . expressao ')'

    KW_INPUT       shift, and go to state 46
    TK_IDENTIFIER  shift, and go to state 47
    LIT_INT        shift, and go to state 48
    LIT_REAL       shift, and go to state 49
    LIT_CHAR       shift, and go to state 50
    LIT_STRING     shift, and go to state 55
    '('            shift, and go to state 52

    expressao  go to state 72


state 53

   33 comando_print: KW_PRINT comando_printResto . ';'

    ';'  shift, and go to state 73


state 54

   35 comando_printResto: expressao .
   44 expressao: expressao . '+' expressao
   45          | expressao . '-' expressao
   46          | expressao . '*' expressao
   47          | expressao . '/' expressao
   48          | expressao . '<' expressao
   49          | expressao . '>' expressao
   50          | expressao . OPERATOR_LE expressao
   51          | expressao . OPERATOR_GE expressao
   52          | expressao . OPERATOR_EQ expressao
   53          | expressao . OPERATOR_DIF expressao

    OPERATOR_LE   shift, and go to state 74
    OPERATOR_GE   shift, and go to state 75
    OPERATOR_EQ   shift, and go to state 76
    OPERATOR_DIF  shift, and go to state 77
    '<'           shift, and go to state 78
    '>'           shift, and go to state 79
    '+'           shift, and go to state 80
    '-'           shift, and go to state 81
    '*'           shift, and go to state 82
    '/'           shift, and go to state 83

    $default  reduce using rule 35 (comando_printResto)


state 55

   42 expressao: LIT_STRING .

    $default  reduce using rule 42 (expressao)


state 56

   29 comando: KW_RETURN expressao . ';'
   44 expressao: expressao . '+' expressao
   45          | expressao . '-' expressao
   46          | expressao . '*' expressao
   47          | expressao . '/' expressao
   48          | expressao . '<' expressao
   49          | expressao . '>' expressao
   50          | expressao . OPERATOR_LE expressao
   51          | expressao . OPERATOR_GE expressao
   52          | expressao . OPERATOR_EQ expressao
   53          | expressao . OPERATOR_DIF expressao

    OPERATOR_LE   shift, and go to state 74
    OPERATOR_GE   shift, and go to state 75
    OPERATOR_EQ   shift, and go to state 76
    OPERATOR_DIF  shift, and go to state 77
    '<'           shift, and go to state 78
    '>'           shift, and go to state 79
    '+'           shift, and go to state 80
    '-'           shift, and go to state 81
    '*'           shift, and go to state 82
    '/'           shift, and go to state 83
    ';'           shift, and go to state 84


state 57

   31 comando_atribuicao: TK_IDENTIFIER '=' . expressao ';'

    KW_INPUT       shift, and go to state 46
    TK_IDENTIFIER  shift, and go to state 47
    LIT_INT        shift, and go to state 48
    LIT_REAL       shift, and go to state 49
    LIT_CHAR       shift, and go to state 50
    LIT_STRING     shift, and go to state 55
    '('            shift, and go to state 52

    expressao  go to state 85


state 58

   32 comando_atribuicao: TK_IDENTIFIER '[' . expressao ']' '=' expressao ';'

    KW_INPUT       shift, and go to state 46
    TK_IDENTIFIER  shift, and go to state 47
    LIT_INT        shift, and go to state 48
    LIT_REAL       shift, and go to state 49
    LIT_CHAR       shift, and go to state 50
    LIT_STRING     shift, and go to state 55
    '('            shift, and go to state 52

    expressao  go to state 86


state 59

   20 bloco: '{' lista_comandos . '}'

    '}'  shift, and go to state 87


state 60

   21 lista_comandos: comando . lista_comandos

    KW_IF          shift, and go to state 24
    KW_WHILE       shift, and go to state 25
    KW_PRINT       shift, and go to state 26
    KW_RETURN      shift, and go to state 27
    TK_IDENTIFIER  shift, and go to state 28
    ';'            shift, and go to state 29
    '{'            shift, and go to state 30

    $default  reduce using rule 22 (lista_comandos)

    bloco               go to state 31
    lista_comandos      go to state 88
    comando             go to state 60
    comando_atribuicao  go to state 33
    comando_print       go to state 34


state 61

    7 decl_var: tipo TK_IDENTIFIER '=' literal ';' .

    $default  reduce using rule 7 (decl_var)


state 62

    8 decl_vetor: tipo TK_IDENTIFIER '[' LIT_INT ']' . opcional ';'

    LIT_INT     shift, and go to state 35
    LIT_REAL    shift, and go to state 36
    LIT_CHAR    shift, and go to state 37
    LIT_STRING  shift, and go to state 38

    $default  reduce using rule 11 (opcional)

    opcional  go to state 89
    literal   go to state 90


state 63

    9 decl_proto: tipo TK_IDENTIFIER '(' parametros_formais ')' . ';'

    ';'  shift, and go to state 91


state 64

   14 parametros_formais_fim: ',' . parametro_formal parametros_formais_fim

    KW_INT    shift, and go to state 1
    KW_FLOAT  shift, and go to state 2
    KW_CHAR   shift, and go to state 3

    parametro_formal  go to state 92
    tipo              go to state 43


state 65

   12 parametros_formais: parametro_formal parametros_formais_fim .

    $default  reduce using rule 12 (parametros_formais)


state 66

   16 parametro_formal: tipo TK_IDENTIFIER .

    $default  reduce using rule 16 (parametro_formal)


state 67

   26 comando: KW_IF '(' expressao . ')' comando
   27        | KW_IF '(' expressao . ')' comando KW_ELSE comando
   44 expressao: expressao . '+' expressao
   45          | expressao . '-' expressao
   46          | expressao . '*' expressao
   47          | expressao . '/' expressao
   48          | expressao . '<' expressao
   49          | expressao . '>' expressao
   50          | expressao . OPERATOR_LE expressao
   51          | expressao . OPERATOR_GE expressao
   52          | expressao . OPERATOR_EQ expressao
   53          | expressao . OPERATOR_DIF expressao

    OPERATOR_LE   shift, and go to state 74
    OPERATOR_GE   shift, and go to state 75
    OPERATOR_EQ   shift, and go to state 76
    OPERATOR_DIF  shift, and go to state 77
    '<'           shift, and go to state 78
    '>'           shift, and go to state 79
    '+'           shift, and go to state 80
    '-'           shift, and go to state 81
    '*'           shift, and go to state 82
    '/'           shift, and go to state 83
    ')'           shift, and go to state 93


state 68

   28 comando: KW_WHILE '(' expressao . ')' comando
   44 expressao: expressao . '+' expressao
   45          | expressao . '-' expressao
   46          | expressao . '*' expressao
   47          | expressao . '/' expressao
   48          | expressao . '<' expressao
   49          | expressao . '>' expressao
   50          | expressao . OPERATOR_LE expressao
   51          | expressao . OPERATOR_GE expressao
   52          | expressao . OPERATOR_EQ expressao
   53          | expressao . OPERATOR_DIF expressao

    OPERATOR_LE   shift, and go to state 74
    OPERATOR_GE   shift, and go to state 75
    OPERATOR_EQ   shift, and go to state 76
    OPERATOR_DIF  shift, and go to state 77
    '<'           shift, and go to state 78
    '>'           shift, and go to state 79
    '+'           shift, and go to state 80
    '-'           shift, and go to state 81
    '*'           shift, and go to state 82
    '/'           shift, and go to state 83
    ')'           shift, and go to state 94


state 69

   43 expressao: KW_INPUT '(' . tipo ')'

    KW_INT    shift, and go to state 1
    KW_FLOAT  shift, and go to state 2
    KW_CHAR   shift, and go to state 3

    tipo  go to state 95


state 70

   37 expressao: TK_IDENTIFIER '[' . expressao ']'

    KW_INPUT       shift, and go to state 46
    TK_IDENTIFIER  shift, and go to state 47
    LIT_INT        shift, and go to state 48
    LIT_REAL       shift, and go to state 49
    LIT_CHAR       shift, and go to state 50
    LIT_STRING     shift, and go to state 55
    '('            shift, and go to state 52

    expressao  go to state 96


state 71

   38 expressao: TK_IDENTIFIER '(' . lista_argumentos ')'

    KW_INPUT       shift, and go to state 46
    TK_IDENTIFIER  shift, and go to state 47
    LIT_INT        shift, and go to state 48
    LIT_REAL       shift, and go to state 49
    LIT_CHAR       shift, and go to state 50
    LIT_STRING     shift, and go to state 55
    '('            shift, and go to state 52

    $default  reduce using rule 55 (lista_argumentos)

    expressao         go to state 97
    lista_argumentos  go to state 98


state 72

   44 expressao: expressao . '+' expressao
   45          | expressao . '-' expressao
   46          | expressao . '*' expressao
   47          | expressao . '/' expressao
   48          | expressao . '<' expressao
   49          | expressao . '>' expressao
   50          | expressao . OPERATOR_LE expressao
   51          | expressao . OPERATOR_GE expressao
   52          | expressao . OPERATOR_EQ expressao
   53          | expressao . OPERATOR_DIF expressao
   54          | '(' expressao . ')'

    OPERATOR_LE   shift, and go to state 74
    OPERATOR_GE   shift, and go to state 75
    OPERATOR_EQ   shift, and go to state 76
    OPERATOR_DIF  shift, and go to state 77
    '<'           shift, and go to state 78
    '>'           shift, and go to state 79
    '+'           shift, and go to state 80
    '-'           shift, and go to state 81
    '*'           shift, and go to state 82
    '/'           shift, and go to state 83
    ')'           shift, and go to state 99


state 73

   33 comando_print: KW_PRINT comando_printResto ';' .

    $default  reduce using rule 33 (comando_print)


state 74

   50 expressao: expressao OPERATOR_LE . expressao

    KW_INPUT       shift, and go to state 46
    TK_IDENTIFIER  shift, and go to state 47
    LIT_INT        shift, and go to state 48
    LIT_REAL       shift, and go to state 49
    LIT_CHAR       shift, and go to state 50
    LIT_STRING     shift, and go to state 55
    '('            shift, and go to state 52

    expressao  go to state 100


state 75

   51 expressao: expressao OPERATOR_GE . expressao

    KW_INPUT       shift, and go to state 46
    TK_IDENTIFIER  shift, and go to state 47
    LIT_INT        shift, and go to state 48
    LIT_REAL       shift, and go to state 49
    LIT_CHAR       shift, and go to state 50
    LIT_STRING     shift, and go to state 55
    '('            shift, and go to state 52

    expressao  go to state 101


state 76

   52 expressao: expressao OPERATOR_EQ . expressao

    KW_INPUT       shift, and go to state 46
    TK_IDENTIFIER  shift, and go to state 47
    LIT_INT        shift, and go to state 48
    LIT_REAL       shift, and go to state 49
    LIT_CHAR       shift, and go to state 50
    LIT_STRING     shift, and go to state 55
    '('            shift, and go to state 52

    expressao  go to state 102


state 77

   53 expressao: expressao OPERATOR_DIF . expressao

    KW_INPUT       shift, and go to state 46
    TK_IDENTIFIER  shift, and go to state 47
    LIT_INT        shift, and go to state 48
    LIT_REAL       shift, and go to state 49
    LIT_CHAR       shift, and go to state 50
    LIT_STRING     shift, and go to state 55
    '('            shift, and go to state 52

    expressao  go to state 103


state 78

   48 expressao: expressao '<' . expressao

    KW_INPUT       shift, and go to state 46
    TK_IDENTIFIER  shift, and go to state 47
    LIT_INT        shift, and go to state 48
    LIT_REAL       shift, and go to state 49
    LIT_CHAR       shift, and go to state 50
    LIT_STRING     shift, and go to state 55
    '('            shift, and go to state 52

    expressao  go to state 104


state 79

   49 expressao: expressao '>' . expressao

    KW_INPUT       shift, and go to state 46
    TK_IDENTIFIER  shift, and go to state 47
    LIT_INT        shift, and go to state 48
    LIT_REAL       shift, and go to state 49
    LIT_CHAR       shift, and go to state 50
    LIT_STRING     shift, and go to state 55
    '('            shift, and go to state 52

    expressao  go to state 105


state 80

   44 expressao: expressao '+' . expressao

    KW_INPUT       shift, and go to state 46
    TK_IDENTIFIER  shift, and go to state 47
    LIT_INT        shift, and go to state 48
    LIT_REAL       shift, and go to state 49
    LIT_CHAR       shift, and go to state 50
    LIT_STRING     shift, and go to state 55
    '('            shift, and go to state 52

    expressao  go to state 106


state 81

   45 expressao: expressao '-' . expressao

    KW_INPUT       shift, and go to state 46
    TK_IDENTIFIER  shift, and go to state 47
    LIT_INT        shift, and go to state 48
    LIT_REAL       shift, and go to state 49
    LIT_CHAR       shift, and go to state 50
    LIT_STRING     shift, and go to state 55
    '('            shift, and go to state 52

    expressao  go to state 107


state 82

   46 expressao: expressao '*' . expressao

    KW_INPUT       shift, and go to state 46
    TK_IDENTIFIER  shift, and go to state 47
    LIT_INT        shift, and go to state 48
    LIT_REAL       shift, and go to state 49
    LIT_CHAR       shift, and go to state 50
    LIT_STRING     shift, and go to state 55
    '('            shift, and go to state 52

    expressao  go to state 108


state 83

   47 expressao: expressao '/' . expressao

    KW_INPUT       shift, and go to state 46
    TK_IDENTIFIER  shift, and go to state 47
    LIT_INT        shift, and go to state 48
    LIT_REAL       shift, and go to state 49
    LIT_CHAR       shift, and go to state 50
    LIT_STRING     shift, and go to state 55
    '('            shift, and go to state 52

    expressao  go to state 109


state 84

   29 comando: KW_RETURN expressao ';' .

    $default  reduce using rule 29 (comando)


state 85

   31 comando_atribuicao: TK_IDENTIFIER '=' expressao . ';'
   44 expressao: expressao . '+' expressao
   45          | expressao . '-' expressao
   46          | expressao . '*' expressao
   47          | expressao . '/' expressao
   48          | expressao . '<' expressao
   49          | expressao . '>' expressao
   50          | expressao . OPERATOR_LE expressao
   51          | expressao . OPERATOR_GE expressao
   52          | expressao . OPERATOR_EQ expressao
   53          | expressao . OPERATOR_DIF expressao

    OPERATOR_LE   shift, and go to state 74
    OPERATOR_GE   shift, and go to state 75
    OPERATOR_EQ   shift, and go to state 76
    OPERATOR_DIF  shift, and go to state 77
    '<'           shift, and go to state 78
    '>'           shift, and go to state 79
    '+'           shift, and go to state 80
    '-'           shift, and go to state 81
    '*'           shift, and go to state 82
    '/'           shift, and go to state 83
    ';'           shift, and go to state 110


state 86

   32 comando_atribuicao: TK_IDENTIFIER '[' expressao . ']' '=' expressao ';'
   44 expressao: expressao . '+' expressao
   45          | expressao . '-' expressao
   46          | expressao . '*' expressao
   47          | expressao . '/' expressao
   48          | expressao . '<' expressao
   49          | expressao . '>' expressao
   50          | expressao . OPERATOR_LE expressao
   51          | expressao . OPERATOR_GE expressao
   52          | expressao . OPERATOR_EQ expressao
   53          | expressao . OPERATOR_DIF expressao

    OPERATOR_LE   shift, and go to state 74
    OPERATOR_GE   shift, and go to state 75
    OPERATOR_EQ   shift, and go to state 76
    OPERATOR_DIF  shift, and go to state 77
    '<'           shift, and go to state 78
    '>'           shift, and go to state 79
    '+'           shift, and go to state 80
    '-'           shift, and go to state 81
    '*'           shift, and go to state 82
    '/'           shift, and go to state 83
    ']'           shift, and go to state 111


state 87

   20 bloco: '{' lista_comandos '}' .

    $default  reduce using rule 20 (bloco)


state 88

   21 lista_comandos: comando lista_comandos .

    $default  reduce using rule 21 (lista_comandos)


state 89

    8 decl_vetor: tipo TK_IDENTIFIER '[' LIT_INT ']' opcional . ';'

    ';'  shift, and go to state 112


state 90

   10 opcional: literal . opcional

    LIT_INT     shift, and go to state 35
    LIT_REAL    shift, and go to state 36
    LIT_CHAR    shift, and go to state 37
    LIT_STRING  shift, and go to state 38

    $default  reduce using rule 11 (opcional)

    opcional  go to state 113
    literal   go to state 90


state 91

    9 decl_proto: tipo TK_IDENTIFIER '(' parametros_formais ')' ';' .

    $default  reduce using rule 9 (decl_proto)


state 92

   14 parametros_formais_fim: ',' parametro_formal . parametros_formais_fim

    ','  shift, and go to state 64

    $default  reduce using rule 15 (parametros_formais_fim)

    parametros_formais_fim  go to state 114


state 93

   26 comando: KW_IF '(' expressao ')' . comando
   27        | KW_IF '(' expressao ')' . comando KW_ELSE comando

    KW_IF          shift, and go to state 24
    KW_WHILE       shift, and go to state 25
    KW_PRINT       shift, and go to state 26
    KW_RETURN      shift, and go to state 27
    TK_IDENTIFIER  shift, and go to state 28
    ';'            shift, and go to state 29
    '{'            shift, and go to state 30

    bloco               go to state 31
    comando             go to state 115
    comando_atribuicao  go to state 33
    comando_print       go to state 34


state 94

   28 comando: KW_WHILE '(' expressao ')' . comando

    KW_IF          shift, and go to state 24
    KW_WHILE       shift, and go to state 25
    KW_PRINT       shift, and go to state 26
    KW_RETURN      shift, and go to state 27
    TK_IDENTIFIER  shift, and go to state 28
    ';'            shift, and go to state 29
    '{'            shift, and go to state 30

    bloco               go to state 31
    comando             go to state 116
    comando_atribuicao  go to state 33
    comando_print       go to state 34


state 95

   43 expressao: KW_INPUT '(' tipo . ')'

    ')'  shift, and go to state 117


state 96

   37 expressao: TK_IDENTIFIER '[' expressao . ']'
   44          | expressao . '+' expressao
   45          | expressao . '-' expressao
   46          | expressao . '*' expressao
   47          | expressao . '/' expressao
   48          | expressao . '<' expressao
   49          | expressao . '>' expressao
   50          | expressao . OPERATOR_LE expressao
   51          | expressao . OPERATOR_GE expressao
   52          | expressao . OPERATOR_EQ expressao
   53          | expressao . OPERATOR_DIF expressao

    OPERATOR_LE   shift, and go to state 74
    OPERATOR_GE   shift, and go to state 75
    OPERATOR_EQ   shift, and go to state 76
    OPERATOR_DIF  shift, and go to state 77
    '<'           shift, and go to state 78
    '>'           shift, and go to state 79
    '+'           shift, and go to state 80
    '-'           shift, and go to state 81
    '*'           shift, and go to state 82
    '/'           shift, and go to state 83
    ']'           shift, and go to state 118


state 97

   44 expressao: expressao . '+' expressao
   45          | expressao . '-' expressao
   46          | expressao . '*' expressao
   47          | expressao . '/' expressao
   48          | expressao . '<' expressao
   49          | expressao . '>' expressao
   50          | expressao . OPERATOR_LE expressao
   51          | expressao . OPERATOR_GE expressao
   52          | expressao . OPERATOR_EQ expressao
   53          | expressao . OPERATOR_DIF expressao
   56 lista_argumentos: expressao . lista_argumentos_fim

    OPERATOR_LE   shift, and go to state 74
    OPERATOR_GE   shift, and go to state 75
    OPERATOR_EQ   shift, and go to state 76
    OPERATOR_DIF  shift, and go to state 77
    '<'           shift, and go to state 78
    '>'           shift, and go to state 79
    '+'           shift, and go to state 80
    '-'           shift, and go to state 81
    '*'           shift, and go to state 82
    '/'           shift, and go to state 83
    ','           shift, and go to state 119

    $default  reduce using rule 57 (lista_argumentos_fim)

    lista_argumentos_fim  go to state 120


state 98

   38 expressao: TK_IDENTIFIER '(' lista_argumentos . ')'

    ')'  shift, and go to state 121


state 99

   54 expressao: '(' expressao ')' .

    $default  reduce using rule 54 (expressao)


state 100

   44 expressao: expressao . '+' expressao
   45          | expressao . '-' expressao
   46          | expressao . '*' expressao
   47          | expressao . '/' expressao
   48          | expressao . '<' expressao
   49          | expressao . '>' expressao
   50          | expressao . OPERATOR_LE expressao
   50          | expressao OPERATOR_LE expressao .
   51          | expressao . OPERATOR_GE expressao
   52          | expressao . OPERATOR_EQ expressao
   53          | expressao . OPERATOR_DIF expressao

    '+'  shift, and go to state 80
    '-'  shift, and go to state 81
    '*'  shift, and go to state 82
    '/'  shift, and go to state 83

    $default  reduce using rule 50 (expressao)


state 101

   44 expressao: expressao . '+' expressao
   45          | expressao . '-' expressao
   46          | expressao . '*' expressao
   47          | expressao . '/' expressao
   48          | expressao . '<' expressao
   49          | expressao . '>' expressao
   50          | expressao . OPERATOR_LE expressao
   51          | expressao . OPERATOR_GE expressao
   51          | expressao OPERATOR_GE expressao .
   52          | expressao . OPERATOR_EQ expressao
   53          | expressao . OPERATOR_DIF expressao

    '+'  shift, and go to state 80
    '-'  shift, and go to state 81
    '*'  shift, and go to state 82
    '/'  shift, and go to state 83

    $default  reduce using rule 51 (expressao)


state 102

   44 expressao: expressao . '+' expressao
   45          | expressao . '-' expressao
   46          | expressao . '*' expressao
   47          | expressao . '/' expressao
   48          | expressao . '<' expressao
   49          | expressao . '>' expressao
   50          | expressao . OPERATOR_LE expressao
   51          | expressao . OPERATOR_GE expressao
   52          | expressao . OPERATOR_EQ expressao
   52          | expressao OPERATOR_EQ expressao .
   53          | expressao . OPERATOR_DIF expressao

    '+'  shift, and go to state 80
    '-'  shift, and go to state 81
    '*'  shift, and go to state 82
    '/'  shift, and go to state 83

    $default  reduce using rule 52 (expressao)


state 103

   44 expressao: expressao . '+' expressao
   45          | expressao . '-' expressao
   46          | expressao . '*' expressao
   47          | expressao . '/' expressao
   48          | expressao . '<' expressao
   49          | expressao . '>' expressao
   50          | expressao . OPERATOR_LE expressao
   51          | expressao . OPERATOR_GE expressao
   52          | expressao . OPERATOR_EQ expressao
   53          | expressao . OPERATOR_DIF expressao
   53          | expressao OPERATOR_DIF expressao .

    '+'  shift, and go to state 80
    '-'  shift, and go to state 81
    '*'  shift, and go to state 82
    '/'  shift, and go to state 83

    $default  reduce using rule 53 (expressao)


state 104

   44 expressao: expressao . '+' expressao
   45          | expressao . '-' expressao
   46          | expressao . '*' expressao
   47          | expressao . '/' expressao
   48          | expressao . '<' expressao
   48          | expressao '<' expressao .
   49          | expressao . '>' expressao
   50          | expressao . OPERATOR_LE expressao
   51          | expressao . OPERATOR_GE expressao
   52          | expressao . OPERATOR_EQ expressao
   53          | expressao . OPERATOR_DIF expressao

    '+'  shift, and go to state 80
    '-'  shift, and go to state 81
    '*'  shift, and go to state 82
    '/'  shift, and go to state 83

    $default  reduce using rule 48 (expressao)


state 105

   44 expressao: expressao . '+' expressao
   45          | expressao . '-' expressao
   46          | expressao . '*' expressao
   47          | expressao . '/' expressao
   48          | expressao . '<' expressao
   49          | expressao . '>' expressao
   49          | expressao '>' expressao .
   50          | expressao . OPERATOR_LE expressao
   51          | expressao . OPERATOR_GE expressao
   52          | expressao . OPERATOR_EQ expressao
   53          | expressao . OPERATOR_DIF expressao

    '+'  shift, and go to state 80
    '-'  shift, and go to state 81
    '*'  shift, and go to state 82
    '/'  shift, and go to state 83

    $default  reduce using rule 49 (expressao)


state 106

   44 expressao: expressao . '+' expressao
   44          | expressao '+' expressao .
   45          | expressao . '-' expressao
   46          | expressao . '*' expressao
   47          | expressao . '/' expressao
   48          | expressao . '<' expressao
   49          | expressao . '>' expressao
   50          | expressao . OPERATOR_LE expressao
   51          | expressao . OPERATOR_GE expressao
   52          | expressao . OPERATOR_EQ expressao
   53          | expressao . OPERATOR_DIF expressao

    '*'  shift, and go to state 82
    '/'  shift, and go to state 83

    $default  reduce using rule 44 (expressao)


state 107

   44 expressao: expressao . '+' expressao
   45          | expressao . '-' expressao
   45          | expressao '-' expressao .
   46          | expressao . '*' expressao
   47          | expressao . '/' expressao
   48          | expressao . '<' expressao
   49          | expressao . '>' expressao
   50          | expressao . OPERATOR_LE expressao
   51          | expressao . OPERATOR_GE expressao
   52          | expressao . OPERATOR_EQ expressao
   53          | expressao . OPERATOR_DIF expressao

    '*'  shift, and go to state 82
    '/'  shift, and go to state 83

    $default  reduce using rule 45 (expressao)


state 108

   44 expressao: expressao . '+' expressao
   45          | expressao . '-' expressao
   46          | expressao . '*' expressao
   46          | expressao '*' expressao .
   47          | expressao . '/' expressao
   48          | expressao . '<' expressao
   49          | expressao . '>' expressao
   50          | expressao . OPERATOR_LE expressao
   51          | expressao . OPERATOR_GE expressao
   52          | expressao . OPERATOR_EQ expressao
   53          | expressao . OPERATOR_DIF expressao

    $default  reduce using rule 46 (expressao)


state 109

   44 expressao: expressao . '+' expressao
   45          | expressao . '-' expressao
   46          | expressao . '*' expressao
   47          | expressao . '/' expressao
   47          | expressao '/' expressao .
   48          | expressao . '<' expressao
   49          | expressao . '>' expressao
   50          | expressao . OPERATOR_LE expressao
   51          | expressao . OPERATOR_GE expressao
   52          | expressao . OPERATOR_EQ expressao
   53          | expressao . OPERATOR_DIF expressao

    $default  reduce using rule 47 (expressao)


state 110

   31 comando_atribuicao: TK_IDENTIFIER '=' expressao ';' .

    $default  reduce using rule 31 (comando_atribuicao)


state 111

   32 comando_atribuicao: TK_IDENTIFIER '[' expressao ']' . '=' expressao ';'

    '='  shift, and go to state 122


state 112

    8 decl_vetor: tipo TK_IDENTIFIER '[' LIT_INT ']' opcional ';' .

    $default  reduce using rule 8 (decl_vetor)


state 113

   10 opcional: literal opcional .

    $default  reduce using rule 10 (opcional)


state 114

   14 parametros_formais_fim: ',' parametro_formal parametros_formais_fim .

    $default  reduce using rule 14 (parametros_formais_fim)


state 115

   26 comando: KW_IF '(' expressao ')' comando .
   27        | KW_IF '(' expressao ')' comando . KW_ELSE comando

    KW_ELSE  shift, and go to state 123

    KW_ELSE   [reduce using rule 26 (comando)]
    $default  reduce using rule 26 (comando)


state 116

   28 comando: KW_WHILE '(' expressao ')' comando .

    $default  reduce using rule 28 (comando)


state 117

   43 expressao: KW_INPUT '(' tipo ')' .

    $default  reduce using rule 43 (expressao)


state 118

   37 expressao: TK_IDENTIFIER '[' expressao ']' .

    $default  reduce using rule 37 (expressao)


state 119

   58 lista_argumentos_fim: ',' . expressao lista_argumentos_fim

    KW_INPUT       shift, and go to state 46
    TK_IDENTIFIER  shift, and go to state 47
    LIT_INT        shift, and go to state 48
    LIT_REAL       shift, and go to state 49
    LIT_CHAR       shift, and go to state 50
    LIT_STRING     shift, and go to state 55
    '('            shift, and go to state 52

    expressao  go to state 124


state 120

   56 lista_argumentos: expressao lista_argumentos_fim .

    $default  reduce using rule 56 (lista_argumentos)


state 121

   38 expressao: TK_IDENTIFIER '(' lista_argumentos ')' .

    $default  reduce using rule 38 (expressao)


state 122

   32 comando_atribuicao: TK_IDENTIFIER '[' expressao ']' '=' . expressao ';'

    KW_INPUT       shift, and go to state 46
    TK_IDENTIFIER  shift, and go to state 47
    LIT_INT        shift, and go to state 48
    LIT_REAL       shift, and go to state 49
    LIT_CHAR       shift, and go to state 50
    LIT_STRING     shift, and go to state 55
    '('            shift, and go to state 52

    expressao  go to state 125


state 123

   27 comando: KW_IF '(' expressao ')' comando KW_ELSE . comando

    KW_IF          shift, and go to state 24
    KW_WHILE       shift, and go to state 25
    KW_PRINT       shift, and go to state 26
    KW_RETURN      shift, and go to state 27
    TK_IDENTIFIER  shift, and go to state 28
    ';'            shift, and go to state 29
    '{'            shift, and go to state 30

    bloco               go to state 31
    comando             go to state 126
    comando_atribuicao  go to state 33
    comando_print       go to state 34


state 124

   44 expressao: expressao . '+' expressao
   45          | expressao . '-' expressao
   46          | expressao . '*' expressao
   47          | expressao . '/' expressao
   48          | expressao . '<' expressao
   49          | expressao . '>' expressao
   50          | expressao . OPERATOR_LE expressao
   51          | expressao . OPERATOR_GE expressao
   52          | expressao . OPERATOR_EQ expressao
   53          | expressao . OPERATOR_DIF expressao
   58 lista_argumentos_fim: ',' expressao . lista_argumentos_fim

    OPERATOR_LE   shift, and go to state 74
    OPERATOR_GE   shift, and go to state 75
    OPERATOR_EQ   shift, and go to state 76
    OPERATOR_DIF  shift, and go to state 77
    '<'           shift, and go to state 78
    '>'           shift, and go to state 79
    '+'           shift, and go to state 80
    '-'           shift, and go to state 81
    '*'           shift, and go to state 82
    '/'           shift, and go to state 83
    ','           shift, and go to state 119

    $default  reduce using rule 57 (lista_argumentos_fim)

    lista_argumentos_fim  go to state 127


state 125

   32 comando_atribuicao: TK_IDENTIFIER '[' expressao ']' '=' expressao . ';'
   44 expressao: expressao . '+' expressao
   45          | expressao . '-' expressao
   46          | expressao . '*' expressao
   47          | expressao . '/' expressao
   48          | expressao . '<' expressao
   49          | expressao . '>' expressao
   50          | expressao . OPERATOR_LE expressao
   51          | expressao . OPERATOR_GE expressao
   52          | expressao . OPERATOR_EQ expressao
   53          | expressao . OPERATOR_DIF expressao

    OPERATOR_LE   shift, and go to state 74
    OPERATOR_GE   shift, and go to state 75
    OPERATOR_EQ   shift, and go to state 76
    OPERATOR_DIF  shift, and go to state 77
    '<'           shift, and go to state 78
    '>'           shift, and go to state 79
    '+'           shift, and go to state 80
    '-'           shift, and go to state 81
    '*'           shift, and go to state 82
    '/'           shift, and go to state 83
    ';'           shift, and go to state 128


state 126

   27 comando: KW_IF '(' expressao ')' comando KW_ELSE comando .

    $default  reduce using rule 27 (comando)


state 127

   58 lista_argumentos_fim: ',' expressao lista_argumentos_fim .

    $default  reduce using rule 58 (lista_argumentos_fim)


state 128

   32 comando_atribuicao: TK_IDENTIFIER '[' expressao ']' '=' expressao ';' .

    $default  reduce using rule 32 (comando_atribuicao)
